[32m[2026-04-23 14:59:41.851][success][server.ts<131,16>] Server initialized[39m
[96m[2026-04-23 14:59:41.890][info][index.ts<15,10>] <<<< jimeng + kling compatible server >>>>[39m
[96m[2026-04-23 14:59:41.891][info][index.ts<16,10>] Version: 0.9.1[39m
[96m[2026-04-23 14:59:41.891][info][index.ts<17,10>] Process id: 28831[39m
[96m[2026-04-23 14:59:41.892][info][index.ts<18,10>] Environment: dev[39m
[96m[2026-04-23 14:59:41.893][info][index.ts<19,10>] Service name: jimeng-api-kling[39m
[96m[2026-04-23 14:59:41.894][info][server.ts<156,20>] Route  attached[39m
[96m[2026-04-23 14:59:41.895][info][server.ts<156,20>] Route /v1/images attached[39m
[96m[2026-04-23 14:59:41.896][info][server.ts<156,20>] Route /v1/chat attached[39m
[96m[2026-04-23 14:59:41.897][info][server.ts<156,20>] Route /ping attached[39m
[96m[2026-04-23 14:59:41.897][info][server.ts<156,20>] Route /token attached[39m
[96m[2026-04-23 14:59:41.897][info][server.ts<156,20>] Route /v1 attached[39m
[96m[2026-04-23 14:59:41.898][info][server.ts<156,20>] Route /v1/videos attached[39m
[96m[2026-04-23 14:59:41.898][info][server.ts<156,20>] Route /v1/video attached[39m
[32m[2026-04-23 14:59:41.906][success][server.ts<255,16>] Server listening on port 18080 (0.0.0.0)[39m
[32m[2026-04-23 14:59:41.906][success][index.ts<28,12>] Service startup completed (16ms)[39m
[96m[2026-04-23 14:59:42.870][info][server.ts<186,28>] -> GET /ping[39m
[96m[2026-04-23 14:59:42.872][info][server.ts<152,36>] <- GET /ping 1ms[39m
[96m[2026-04-23 14:59:43.876][info][server.ts<186,28>] -> GET /ping[39m
[96m[2026-04-23 14:59:43.877][info][server.ts<152,36>] <- GET /ping 0ms[39m
[96m[2026-04-23 14:59:44.879][info][server.ts<186,28>] -> GET /ping[39m
[96m[2026-04-23 14:59:44.879][info][server.ts<152,36>] <- GET /ping 0ms[39m
[96m[2026-04-23 14:59:45.881][info][server.ts<186,28>] -> GET /ping[39m
[96m[2026-04-23 14:59:45.882][info][server.ts<152,36>] <- GET /ping 1ms[39m
[96m[2026-04-23 14:59:46.884][info][server.ts<186,28>] -> GET /ping[39m
[96m[2026-04-23 14:59:46.884][info][server.ts<152,36>] <- GET /ping 0ms[39m
[96m[2026-04-23 14:59:47.887][info][server.ts<186,28>] -> GET /ping[39m
[96m[2026-04-23 14:59:47.887][info][server.ts<152,36>] <- GET /ping 0ms[39m
[96m[2026-04-23 14:59:48.889][info][server.ts<186,28>] -> GET /ping[39m
[96m[2026-04-23 14:59:48.890][info][server.ts<152,36>] <- GET /ping 1ms[39m
[96m[2026-04-23 14:59:49.892][info][server.ts<186,28>] -> GET /ping[39m
[96m[2026-04-23 14:59:49.892][info][server.ts<152,36>] <- GET /ping 0ms[39m
[96m[2026-04-23 14:59:50.896][info][server.ts<186,28>] -> GET /ping[39m
[96m[2026-04-23 14:59:50.897][info][server.ts<152,36>] <- GET /ping 0ms[39m
[96m[2026-04-23 14:59:51.899][info][server.ts<186,28>] -> GET /ping[39m
[96m[2026-04-23 14:59:51.900][info][server.ts<152,36>] <- GET /ping 1ms[39m
[96m[2026-04-23 14:59:52.902][info][server.ts<186,28>] -> GET /ping[39m
[96m[2026-04-23 14:59:52.902][info][server.ts<152,36>] <- GET /ping 0ms[39m
[96m[2026-04-23 14:59:53.904][info][server.ts<186,28>] -> GET /ping[39m
[96m[2026-04-23 14:59:53.905][info][server.ts<152,36>] <- GET /ping 1ms[39m
[96m[2026-04-23 14:59:54.907][info][server.ts<186,28>] -> GET /ping[39m
[96m[2026-04-23 14:59:54.907][info][server.ts<152,36>] <- GET /ping 0ms[39m
[96m[2026-04-23 14:59:55.909][info][server.ts<186,28>] -> GET /ping[39m
[96m[2026-04-23 14:59:55.910][info][server.ts<152,36>] <- GET /ping 0ms[39m
[96m[2026-04-23 14:59:56.912][info][server.ts<186,28>] -> GET /ping[39m
[96m[2026-04-23 14:59:56.912][info][server.ts<152,36>] <- GET /ping 0ms[39m
[96m[2026-04-23 14:59:57.914][info][server.ts<186,28>] -> GET /ping[39m
[96m[2026-04-23 14:59:57.915][info][server.ts<152,36>] <- GET /ping 0ms[39m
[96m[2026-04-23 14:59:58.916][info][server.ts<186,28>] -> GET /ping[39m
[96m[2026-04-23 14:59:58.917][info][server.ts<152,36>] <- GET /ping 1ms[39m
[96m[2026-04-23 14:59:59.919][info][server.ts<186,28>] -> GET /ping[39m
[96m[2026-04-23 14:59:59.919][info][server.ts<152,36>] <- GET /ping 0ms[39m
[96m[2026-04-23 15:00:00.921][info][server.ts<186,28>] -> GET /ping[39m
[96m[2026-04-23 15:00:00.922][info][server.ts<152,36>] <- GET /ping 0ms[39m
[96m[2026-04-23 15:00:01.923][info][server.ts<186,28>] -> GET /ping[39m
[96m[2026-04-23 15:00:01.924][info][server.ts<152,36>] <- GET /ping 1ms[39m
[96m[2026-04-23 15:00:02.926][info][server.ts<186,28>] -> GET /ping[39m
[96m[2026-04-23 15:00:02.926][info][server.ts<152,36>] <- GET /ping 0ms[39m
[96m[2026-04-23 15:00:03.928][info][server.ts<186,28>] -> GET /ping[39m
[96m[2026-04-23 15:00:03.928][info][server.ts<152,36>] <- GET /ping 0ms[39m
[96m[2026-04-23 15:00:04.930][info][server.ts<186,28>] -> GET /ping[39m
[96m[2026-04-23 15:00:04.931][info][server.ts<152,36>] <- GET /ping 1ms[39m
[96m[2026-04-23 15:00:05.933][info][server.ts<186,28>] -> GET /ping[39m
[96m[2026-04-23 15:00:05.933][info][server.ts<152,36>] <- GET /ping 0ms[39m
[96m[2026-04-23 15:00:06.935][info][server.ts<186,28>] -> GET /ping[39m
[96m[2026-04-23 15:00:06.936][info][server.ts<152,36>] <- GET /ping 1ms[39m
[96m[2026-04-23 15:00:07.938][info][server.ts<186,28>] -> GET /ping[39m
[96m[2026-04-23 15:00:07.938][info][server.ts<152,36>] <- GET /ping 0ms[39m
[96m[2026-04-23 15:00:08.940][info][server.ts<186,28>] -> GET /ping[39m
[96m[2026-04-23 15:00:08.941][info][server.ts<152,36>] <- GET /ping 0ms[39m
[96m[2026-04-23 15:00:09.943][info][server.ts<186,28>] -> GET /ping[39m
[96m[2026-04-23 15:00:09.943][info][server.ts<152,36>] <- GET /ping 0ms[39m
[96m[2026-04-23 15:00:10.945][info][server.ts<186,28>] -> GET /ping[39m
[96m[2026-04-23 15:00:10.945][info][server.ts<152,36>] <- GET /ping 0ms[39m
[96m[2026-04-23 15:00:11.946][info][server.ts<186,28>] -> GET /ping[39m
[96m[2026-04-23 15:00:11.947][info][server.ts<152,36>] <- GET /ping 1ms[39m
[96m[2026-04-23 15:00:12.948][info][server.ts<186,28>] -> GET /ping[39m
[96m[2026-04-23 15:00:12.949][info][server.ts<152,36>] <- GET /ping 1ms[39m
[96m[2026-04-23 15:00:13.951][info][server.ts<186,28>] -> GET /ping[39m
[96m[2026-04-23 15:00:13.951][info][server.ts<152,36>] <- GET /ping 1ms[39m
[96m[2026-04-23 15:00:14.952][info][server.ts<186,28>] -> GET /ping[39m
[96m[2026-04-23 15:00:14.953][info][server.ts<152,36>] <- GET /ping 1ms[39m
[96m[2026-04-23 15:00:15.955][info][server.ts<186,28>] -> GET /ping[39m
[96m[2026-04-23 15:00:15.955][info][server.ts<152,36>] <- GET /ping 0ms[39m
[96m[2026-04-23 15:00:16.957][info][server.ts<186,28>] -> GET /ping[39m
[96m[2026-04-23 15:00:16.958][info][server.ts<152,36>] <- GET /ping 1ms[39m
[96m[2026-04-23 15:00:17.959][info][server.ts<186,28>] -> GET /ping[39m
[96m[2026-04-23 15:00:17.960][info][server.ts<152,36>] <- GET /ping 1ms[39m
[96m[2026-04-23 15:00:18.961][info][server.ts<186,28>] -> GET /ping[39m
[96m[2026-04-23 15:00:18.962][info][server.ts<152,36>] <- GET /ping 1ms[39m
[96m[2026-04-23 15:00:19.964][info][server.ts<186,28>] -> GET /ping[39m
[96m[2026-04-23 15:00:19.964][info][server.ts<152,36>] <- GET /ping 0ms[39m
[96m[2026-04-23 15:00:20.965][info][server.ts<186,28>] -> GET /ping[39m
[96m[2026-04-23 15:00:20.966][info][server.ts<152,36>] <- GET /ping 1ms[39m
[96m[2026-04-23 15:00:21.967][info][server.ts<186,28>] -> GET /ping[39m
[96m[2026-04-23 15:00:21.968][info][server.ts<152,36>] <- GET /ping 1ms[39m
[96m[2026-04-23 15:00:22.969][info][server.ts<186,28>] -> GET /ping[39m
[96m[2026-04-23 15:00:22.970][info][server.ts<152,36>] <- GET /ping 1ms[39m
[96m[2026-04-23 15:00:23.972][info][server.ts<186,28>] -> GET /ping[39m
[96m[2026-04-23 15:00:23.972][info][server.ts<152,36>] <- GET /ping 0ms[39m
[96m[2026-04-23 15:00:24.974][info][server.ts<186,28>] -> GET /ping[39m
[96m[2026-04-23 15:00:24.974][info][server.ts<152,36>] <- GET /ping 0ms[39m
[96m[2026-04-23 15:00:25.976][info][server.ts<186,28>] -> GET /ping[39m
[96m[2026-04-23 15:00:25.976][info][server.ts<152,36>] <- GET /ping 0ms[39m
[96m[2026-04-23 15:00:26.978][info][server.ts<186,28>] -> GET /ping[39m
[96m[2026-04-23 15:00:26.978][info][server.ts<152,36>] <- GET /ping 0ms[39m
[96m[2026-04-23 15:00:27.980][info][server.ts<186,28>] -> GET /ping[39m
[96m[2026-04-23 15:00:27.980][info][server.ts<152,36>] <- GET /ping 0ms[39m
[96m[2026-04-23 15:00:28.982][info][server.ts<186,28>] -> GET /ping[39m
[96m[2026-04-23 15:00:28.982][info][server.ts<152,36>] <- GET /ping 0ms[39m
[96m[2026-04-23 15:00:29.984][info][server.ts<186,28>] -> GET /ping[39m
[96m[2026-04-23 15:00:29.984][info][server.ts<152,36>] <- GET /ping 0ms[39m
[96m[2026-04-23 15:00:30.986][info][server.ts<186,28>] -> GET /ping[39m
[96m[2026-04-23 15:00:30.986][info][server.ts<152,36>] <- GET /ping 0ms[39m
[96m[2026-04-23 15:00:31.988][info][server.ts<186,28>] -> GET /ping[39m
[96m[2026-04-23 15:00:31.988][info][server.ts<152,36>] <- GET /ping 0ms[39m
[96m[2026-04-23 15:00:32.990][info][server.ts<186,28>] -> GET /ping[39m
[96m[2026-04-23 15:00:32.990][info][server.ts<152,36>] <- GET /ping 0ms[39m
[96m[2026-04-23 15:00:33.992][info][server.ts<186,28>] -> GET /ping[39m
[96m[2026-04-23 15:00:33.992][info][server.ts<152,36>] <- GET /ping 0ms[39m
[96m[2026-04-23 15:00:34.994][info][server.ts<186,28>] -> GET /ping[39m
[96m[2026-04-23 15:00:34.994][info][server.ts<152,36>] <- GET /ping 0ms[39m
[96m[2026-04-23 15:00:35.996][info][server.ts<186,28>] -> GET /ping[39m
[96m[2026-04-23 15:00:35.996][info][server.ts<152,36>] <- GET /ping 0ms[39m
[96m[2026-04-23 15:00:36.998][info][server.ts<186,28>] -> GET /ping[39m
[96m[2026-04-23 15:00:36.998][info][server.ts<152,36>] <- GET /ping 0ms[39m
[96m[2026-04-23 15:00:38.000][info][server.ts<186,28>] -> GET /ping[39m
[96m[2026-04-23 15:00:38.000][info][server.ts<152,36>] <- GET /ping 0ms[39m
[96m[2026-04-23 15:00:39.002][info][server.ts<186,28>] -> GET /ping[39m
[96m[2026-04-23 15:00:39.002][info][server.ts<152,36>] <- GET /ping 0ms[39m
[96m[2026-04-23 15:00:40.004][info][server.ts<186,28>] -> GET /ping[39m
[96m[2026-04-23 15:00:40.004][info][server.ts<152,36>] <- GET /ping 0ms[39m
[93m[2026-04-23 15:00:41.006][warning][initialize.ts<23,12>] received kill signal[39m
[96m[2026-04-23 15:00:41.006][info][browser-service.ts<397,12>] BrowserService: 正在关闭所有会话和浏览器...[39m
[96m[2026-04-23 15:00:41.006][info][browser-service.ts<412,12>] BrowserService: 已关闭[39m
[96m[2026-04-23 15:00:41.007][info][initialize.ts<18,12>] Service exit[39m
